<?xml version="1.0" encoding="UTF-8"?>
<!-- Generated by org.testng.reporters.JUnitXMLReporter -->
<testsuite ignored="0" hostname="omega-rog" failures="0" tests="7" name="Surefire test" time="18.999" errors="0" timestamp="2023-10-16T21:12:18 IST">
  <testcase classname="AnnotationLearn.GroupTest" name="test1" time="0.002"/>
  <testcase classname="AnnotationLearn.GroupTest" name="test2" time="0.001"/>
  <testcase classname="AnnotationLearn.GroupTest" name="test3" time="0.001"/>
  <testcase classname="AnnotationLearn.GroupTest" name="test4" time="0.001"/>
  <testcase classname="AnnotationLearn.GroupTest" name="test5" time="0.001"/>
  <testcase classname="firstDay.SecondTest" name="loginApp" time="0.648"/>
  <testcase classname="selenium.LoginTest" name="testScript" time="0.36"/>
</testsuite> <!-- Surefire test -->
