<?xml version="1.0" encoding="UTF-8"?>
<!-- Generated by org.testng.reporters.JUnitXMLReporter -->
<testsuite ignored="0" hostname="omega-rog" failures="0" tests="2" name="serialExecution02" time="13.651" errors="0" timestamp="2023-10-16T22:29:42 IST">
  <testcase classname="LearnParralel_seriesTesting.SerialExecution" name="testLogo" time="1.403"/>
  <testcase classname="LearnParralel_seriesTesting.SerialExecution" name="testHomepageTitle" time="0.016"/>
</testsuite> <!-- serialExecution02 -->
