<?xml version="1.0" encoding="UTF-8"?>
<testng-results ignored="0" total="6" passed="6" failed="0" skipped="0">
  <reporter-output>
  </reporter-output>
  <suite started-at="2023-10-16T22:29:28 IST" name="mysuit" finished-at="2023-10-16T22:29:43 IST" duration-ms="15126">
    <groups>
    </groups>
    <test started-at="2023-10-16T22:29:28 IST" name="serialEx" finished-at="2023-10-16T22:29:40 IST" duration-ms="11783">
      <class name="LearnParralel_seriesTesting.SerialExecution">
        <test-method is-config="true" signature="setup(java.lang.String)[pri:0, instance:LearnParralel_seriesTesting.SerialExecution@6973b51b]" started-at="2023-10-16T22:29:28 IST" name="setup" finished-at="2023-10-16T22:29:39 IST" duration-ms="10438" status="PASS">
          <params>
            <param index="0">
              <value>
                <![CDATA[chrome]]>
              </value>
            </param>
          </params>
          <reporter-output>
          </reporter-output>
        </test-method> <!-- setup -->
        <test-method signature="testLogo()[pri:1, instance:LearnParralel_seriesTesting.SerialExecution@6973b51b]" started-at="2023-10-16T22:29:39 IST" name="testLogo" finished-at="2023-10-16T22:29:40 IST" duration-ms="1142" status="PASS">
          <reporter-output>
          </reporter-output>
        </test-method> <!-- testLogo -->
        <test-method signature="testHomepageTitle()[pri:2, instance:LearnParralel_seriesTesting.SerialExecution@6973b51b]" started-at="2023-10-16T22:29:40 IST" name="testHomepageTitle" finished-at="2023-10-16T22:29:40 IST" duration-ms="5" status="PASS">
          <reporter-output>
          </reporter-output>
        </test-method> <!-- testHomepageTitle -->
        <test-method is-config="true" signature="tearDown()[pri:0, instance:LearnParralel_seriesTesting.SerialExecution@6973b51b]" started-at="2023-10-16T22:29:40 IST" name="tearDown" finished-at="2023-10-16T22:29:40 IST" duration-ms="144" status="PASS">
          <reporter-output>
          </reporter-output>
        </test-method> <!-- tearDown -->
      </class> <!-- LearnParralel_seriesTesting.SerialExecution -->
    </test> <!-- serialEx -->
    <test started-at="2023-10-16T22:29:28 IST" name="serialExecution02" finished-at="2023-10-16T22:29:42 IST" duration-ms="13651">
      <class name="LearnParralel_seriesTesting.SerialExecution">
        <test-method is-config="true" signature="setup(java.lang.String)[pri:0, instance:LearnParralel_seriesTesting.SerialExecution@4cc451f2]" started-at="2023-10-16T22:29:28 IST" name="setup" finished-at="2023-10-16T22:29:40 IST" duration-ms="12042" status="PASS">
          <params>
            <param index="0">
              <value>
                <![CDATA[edge]]>
              </value>
            </param>
          </params>
          <reporter-output>
          </reporter-output>
        </test-method> <!-- setup -->
        <test-method signature="testLogo()[pri:1, instance:LearnParralel_seriesTesting.SerialExecution@4cc451f2]" started-at="2023-10-16T22:29:40 IST" name="testLogo" finished-at="2023-10-16T22:29:42 IST" duration-ms="1403" status="PASS">
          <reporter-output>
          </reporter-output>
        </test-method> <!-- testLogo -->
        <test-method signature="testHomepageTitle()[pri:2, instance:LearnParralel_seriesTesting.SerialExecution@4cc451f2]" started-at="2023-10-16T22:29:42 IST" name="testHomepageTitle" finished-at="2023-10-16T22:29:42 IST" duration-ms="16" status="PASS">
          <reporter-output>
          </reporter-output>
        </test-method> <!-- testHomepageTitle -->
        <test-method is-config="true" signature="tearDown()[pri:0, instance:LearnParralel_seriesTesting.SerialExecution@4cc451f2]" started-at="2023-10-16T22:29:42 IST" name="tearDown" finished-at="2023-10-16T22:29:42 IST" duration-ms="161" status="PASS">
          <reporter-output>
          </reporter-output>
        </test-method> <!-- tearDown -->
      </class> <!-- LearnParralel_seriesTesting.SerialExecution -->
    </test> <!-- serialExecution02 -->
    <test started-at="2023-10-16T22:29:28 IST" name="serialExecution01" finished-at="2023-10-16T22:29:43 IST" duration-ms="15126">
      <class name="LearnParralel_seriesTesting.SerialExecution">
        <test-method is-config="true" signature="setup(java.lang.String)[pri:0, instance:LearnParralel_seriesTesting.SerialExecution@7b9a4292]" started-at="2023-10-16T22:29:28 IST" name="setup" finished-at="2023-10-16T22:29:42 IST" duration-ms="13292" status="PASS">
          <params>
            <param index="0">
              <value>
                <![CDATA[firefox]]>
              </value>
            </param>
          </params>
          <reporter-output>
          </reporter-output>
        </test-method> <!-- setup -->
        <test-method signature="testLogo()[pri:1, instance:LearnParralel_seriesTesting.SerialExecution@7b9a4292]" started-at="2023-10-16T22:29:42 IST" name="testLogo" finished-at="2023-10-16T22:29:43 IST" duration-ms="1050" status="PASS">
          <reporter-output>
          </reporter-output>
        </test-method> <!-- testLogo -->
        <test-method signature="testHomepageTitle()[pri:2, instance:LearnParralel_seriesTesting.SerialExecution@7b9a4292]" started-at="2023-10-16T22:29:43 IST" name="testHomepageTitle" finished-at="2023-10-16T22:29:43 IST" duration-ms="8" status="PASS">
          <reporter-output>
          </reporter-output>
        </test-method> <!-- testHomepageTitle -->
        <test-method is-config="true" signature="tearDown()[pri:0, instance:LearnParralel_seriesTesting.SerialExecution@7b9a4292]" started-at="2023-10-16T22:29:43 IST" name="tearDown" finished-at="2023-10-16T22:29:43 IST" duration-ms="746" status="PASS">
          <reporter-output>
          </reporter-output>
        </test-method> <!-- tearDown -->
      </class> <!-- LearnParralel_seriesTesting.SerialExecution -->
    </test> <!-- serialExecution01 -->
  </suite> <!-- mysuit -->
</testng-results>
