<?xml version="1.0" encoding="UTF-8"?>
<!-- Generated by org.testng.reporters.JUnitReportReporter -->
<testsuite hostname="omega-rog" failures="0" tests="5" name="AnnotationLearn.GroupTest" time="0.004" errors="0" timestamp="2023-10-16T22:18:45 IST" skipped="0">
  <testcase classname="AnnotationLearn.GroupTest" name="test1" time="0.002"/>
  <testcase classname="AnnotationLearn.GroupTest" name="test2" time="0.001"/>
  <testcase classname="AnnotationLearn.GroupTest" name="test5" time="0.000"/>
  <testcase classname="AnnotationLearn.GroupTest" name="test4" time="0.001"/>
  <testcase classname="AnnotationLearn.GroupTest" name="test3" time="0.000"/>
</testsuite> <!-- AnnotationLearn.GroupTest -->
